<?xml version="1.0" encoding="UTF-8"?>
<!-- Generated by org.testng.reporters.JUnitXMLReporter -->
<testsuite ignored="0" hostname="DESKTOP-VK5373N" failures="0" tests="7" name="Regression" time="36.787" errors="0" timestamp="2024-06-13T23:23:17 BST">
  <testcase classname="testCases.TC_001_Validate_CheckOut_Without_Login" name="CheckOutWithoutLogin" time="6.342"/>
  <testcase classname="testCases.TC_002_Validate_SendContactMessage" name="SendMessage" time="0.74"/>
  <testcase classname="testCases.TC_003_Validate_SignUp" name="signUp" time="1.364"/>
  <testcase classname="testCases.TC_004_Invalid_SignUp" name="invalidSignUp" time="1.207"/>
  <testcase classname="testCases.TC_005_Validate_Login" name="valid_Login" time="1.938"/>
  <testcase classname="testCases.TC_006_Validate_Broken_Links" name="validateBrokenLinks" time="2.414"/>
  <testcase classname="testCases.TC_007_Validate_CheckOut" name="Valid_CheckOut" time="8.095"/>
</testsuite> <!-- Regression -->
